<?xml version="1.0" encoding="UTF-8"?>
<!-- Generated by org.testng.reporters.JUnitReportReporter -->
<testsuite skipped="0" hostname="chandan" name="testng.Priority" tests="6" failures="0" timestamp="6 Jun 2022 07:23:47 GMT" time="0.031" errors="0">
  <testcase name="chat" time="0.000" classname="testng.Priority"/>
  <testcase name="status" time="0.000" classname="testng.Priority"/>
  <testcase name="chat" time="0.016" classname="testng.Priority"/>
  <testcase name="chat" time="0.000" classname="testng.Priority"/>
  <testcase name="chat" time="0.015" classname="testng.Priority"/>
  <testcase name="chat" time="0.000" classname="testng.Priority"/>
</testsuite> <!-- testng.Priority -->
