<?xml version="1.0" encoding="UTF-8"?>
<!-- Generated by org.testng.reporters.JUnitReportReporter -->
<testsuite skipped="0" hostname="chandan" name="testng.Report" tests="1" failures="0" timestamp="6 Jun 2022 05:36:32 GMT" time="0.017" errors="0">
  <testcase name="demo" time="0.017" classname="testng.Report"/>
</testsuite> <!-- testng.Report -->
